This is pdfTeX, Version 3.14159265-2.6-1.40.18 (MiKTeX 2.9.6350 64-bit) (preloaded format=pdflatex 2017.8.30)  28 OCT 2017 02:02
entering extended mode
**"./Thesis main.tex"
("Thesis main.tex"
LaTeX2e <2017-04-15>
Babel <3.10> and hyphenation patterns for 75 language(s) loaded.
("C:\Program Files\MiKTeX 2.9\tex\latex\base\book.cls"
Document Class: book 2014/09/29 v1.4h Standard LaTeX document class
("C:\Program Files\MiKTeX 2.9\tex\latex\base\bk12.clo"
File: bk12.clo 2014/09/29 v1.4h Standard LaTeX file (size option)
)
\c@part=\count79
\c@chapter=\count80
\c@section=\count81
\c@subsection=\count82
\c@subsubsection=\count83
\c@paragraph=\count84
\c@subparagraph=\count85
\c@figure=\count86
\c@table=\count87
\abovecaptionskip=\skip41
\belowcaptionskip=\skip42
\bibindent=\dimen102
)
("C:\Program Files\MiKTeX 2.9\tex\latex\base\fontenc.sty"
Package: fontenc 2017/04/05 v2.0i Standard LaTeX package

("C:\Program Files\MiKTeX 2.9\tex\latex\base\t1enc.def"
File: t1enc.def 2017/04/05 v2.0i Standard LaTeX file
LaTeX Font Info:    Redeclaring font encoding T1 on input line 48.
))
("C:\Program Files\MiKTeX 2.9\tex\latex\geometry\geometry.sty"
Package: geometry 2010/09/12 v5.6 Page Geometry

("C:\Program Files\MiKTeX 2.9\tex\latex\graphics\keyval.sty"
Package: keyval 2014/10/28 v1.15 key=value parser (DPC)
\KV@toks@=\toks14
)
("C:\Program Files\MiKTeX 2.9\tex\generic\oberdiek\ifpdf.sty"
Package: ifpdf 2017/03/15 v3.2 Provides the ifpdf switch
)
("C:\Program Files\MiKTeX 2.9\tex\generic\oberdiek\ifvtex.sty"
Package: ifvtex 2016/05/16 v1.6 Detect VTeX and its facilities (HO)
Package ifvtex Info: VTeX not detected.
)
("C:\Program Files\MiKTeX 2.9\tex\generic\ifxetex\ifxetex.sty"
Package: ifxetex 2010/09/12 v0.6 Provides ifxetex conditional
)
\Gm@cnth=\count88
\Gm@cntv=\count89
\c@Gm@tempcnt=\count90
\Gm@bindingoffset=\dimen103
\Gm@wd@mp=\dimen104
\Gm@odd@mp=\dimen105
\Gm@even@mp=\dimen106
\Gm@layoutwidth=\dimen107
\Gm@layoutheight=\dimen108
\Gm@layouthoffset=\dimen109
\Gm@layoutvoffset=\dimen110
\Gm@dimlist=\toks15

("C:\Program Files\MiKTeX 2.9\tex\latex\geometry\geometry.cfg"))
("C:\Program Files\MiKTeX 2.9\tex\latex\graphics\epsfig.sty"
Package: epsfig 1999/02/16 v1.7a (e)psfig emulation (SPQR)

("C:\Program Files\MiKTeX 2.9\tex\latex\graphics\graphicx.sty"
Package: graphicx 2014/10/28 v1.0g Enhanced LaTeX Graphics (DPC,SPQR)

("C:\Program Files\MiKTeX 2.9\tex\latex\graphics\graphics.sty"
Package: graphics 2017/04/14 v1.1b Standard LaTeX Graphics (DPC,SPQR)

("C:\Program Files\MiKTeX 2.9\tex\latex\graphics\trig.sty"
Package: trig 2016/01/03 v1.10 sin cos tan (DPC)
)
("C:\Program Files\MiKTeX 2.9\tex\latex\graphics-cfg\graphics.cfg"
File: graphics.cfg 2016/06/04 v1.11 sample graphics configuration
)
Package graphics Info: Driver file: pdftex.def on input line 99.

("C:\Program Files\MiKTeX 2.9\tex\latex\graphics-def\pdftex.def"
File: pdftex.def 2017/01/12 v0.06k Graphics/color for pdfTeX

("C:\Program Files\MiKTeX 2.9\tex\generic\oberdiek\infwarerr.sty"
Package: infwarerr 2016/05/16 v1.4 Providing info/warning/error messages (HO)
)
("C:\Program Files\MiKTeX 2.9\tex\generic\oberdiek\ltxcmds.sty"
Package: ltxcmds 2016/05/16 v1.23 LaTeX kernel commands for general use (HO)
)
\Gread@gobject=\count91
))
\Gin@req@height=\dimen111
\Gin@req@width=\dimen112
)
\epsfxsize=\dimen113
\epsfysize=\dimen114
)
(setspace.sty) ("C:\Program Files\MiKTeX 2.9\tex\latex\amsmath\amsmath.sty"
Package: amsmath 2016/11/05 v2.16a AMS math features
\@mathmargin=\skip43

For additional information on amsmath, use the `?' option.
("C:\Program Files\MiKTeX 2.9\tex\latex\amsmath\amstext.sty"
Package: amstext 2000/06/29 v2.01 AMS text

("C:\Program Files\MiKTeX 2.9\tex\latex\amsmath\amsgen.sty"
File: amsgen.sty 1999/11/30 v2.0 generic functions
\@emptytoks=\toks16
\ex@=\dimen115
))
("C:\Program Files\MiKTeX 2.9\tex\latex\amsmath\amsbsy.sty"
Package: amsbsy 1999/11/29 v1.2d Bold Symbols
\pmbraise@=\dimen116
)
("C:\Program Files\MiKTeX 2.9\tex\latex\amsmath\amsopn.sty"
Package: amsopn 2016/03/08 v2.02 operator names
)
\inf@bad=\count92
LaTeX Info: Redefining \frac on input line 213.
\uproot@=\count93
\leftroot@=\count94
LaTeX Info: Redefining \overline on input line 375.
\classnum@=\count95
\DOTSCASE@=\count96
LaTeX Info: Redefining \ldots on input line 472.
LaTeX Info: Redefining \dots on input line 475.
LaTeX Info: Redefining \cdots on input line 596.
\Mathstrutbox@=\box26
\strutbox@=\box27
\big@size=\dimen117
LaTeX Font Info:    Redeclaring font encoding OML on input line 712.
LaTeX Font Info:    Redeclaring font encoding OMS on input line 713.
\macc@depth=\count97
\c@MaxMatrixCols=\count98
\dotsspace@=\muskip10
\c@parentequation=\count99
\dspbrk@lvl=\count100
\tag@help=\toks17
\row@=\count101
\column@=\count102
\maxfields@=\count103
\andhelp@=\toks18
\eqnshift@=\dimen118
\alignsep@=\dimen119
\tagshift@=\dimen120
\tagwidth@=\dimen121
\totwidth@=\dimen122
\lineht@=\dimen123
\@envbody=\toks19
\multlinegap=\skip44
\multlinetaggap=\skip45
\mathdisplay@stack=\toks20
LaTeX Info: Redefining \[ on input line 2817.
LaTeX Info: Redefining \] on input line 2818.
)
("C:\Program Files\MiKTeX 2.9\tex\latex\tools\enumerate.sty"
Package: enumerate 2015/07/23 v3.00 enumerate extensions (DPC)
\@enLab=\toks21
)
("C:\Program Files\MiKTeX 2.9\tex\latex\amsfonts\amssymb.sty"
Package: amssymb 2013/01/14 v3.01 AMS font symbols

("C:\Program Files\MiKTeX 2.9\tex\latex\amsfonts\amsfonts.sty"
Package: amsfonts 2013/01/14 v3.01 Basic AMSFonts support
\symAMSa=\mathgroup4
\symAMSb=\mathgroup5
LaTeX Font Info:    Overwriting math alphabet `\mathfrak' in version `bold'
(Font)                  U/euf/m/n --> U/euf/b/n on input line 106.
)) (natbib.sty
Package: natbib 1998/07/14 6.8c (PWD)
\bibhang=\skip46
\bibsep=\skip47
LaTeX Info: Redefining \cite on input line 467.
\c@NAT@ctr=\count104
)
(txfonts.sty
Package: txfonts 2008/01/22 v3.2.1
LaTeX Font Info:    Redeclaring symbol font `operators' on input line 21.
LaTeX Font Info:    Overwriting symbol font `operators' in version `normal'
(Font)                  OT1/cmr/m/n --> OT1/txr/m/n on input line 21.
LaTeX Font Info:    Overwriting symbol font `operators' in version `bold'
(Font)                  OT1/cmr/bx/n --> OT1/txr/m/n on input line 21.
LaTeX Font Info:    Overwriting symbol font `operators' in version `bold'
(Font)                  OT1/txr/m/n --> OT1/txr/bx/n on input line 22.
\symitalic=\mathgroup6
LaTeX Font Info:    Overwriting symbol font `italic' in version `bold'
(Font)                  OT1/txr/m/it --> OT1/txr/bx/it on input line 26.
LaTeX Font Info:    Redeclaring math alphabet \mathbf on input line 29.
LaTeX Font Info:    Overwriting math alphabet `\mathbf' in version `normal'
(Font)                  OT1/cmr/bx/n --> OT1/txr/bx/n on input line 29.
LaTeX Font Info:    Overwriting math alphabet `\mathbf' in version `bold'
(Font)                  OT1/cmr/bx/n --> OT1/txr/bx/n on input line 29.
LaTeX Font Info:    Redeclaring math alphabet \mathit on input line 30.
LaTeX Font Info:    Overwriting math alphabet `\mathit' in version `normal'
(Font)                  OT1/cmr/m/it --> OT1/txr/m/it on input line 30.
LaTeX Font Info:    Overwriting math alphabet `\mathit' in version `bold'
(Font)                  OT1/cmr/bx/it --> OT1/txr/m/it on input line 30.
LaTeX Font Info:    Overwriting math alphabet `\mathit' in version `bold'
(Font)                  OT1/txr/m/it --> OT1/txr/bx/it on input line 31.
LaTeX Font Info:    Redeclaring math alphabet \mathsf on input line 40.
LaTeX Font Info:    Overwriting math alphabet `\mathsf' in version `normal'
(Font)                  OT1/cmss/m/n --> OT1/txss/m/n on input line 40.
LaTeX Font Info:    Overwriting math alphabet `\mathsf' in version `bold'
(Font)                  OT1/cmss/bx/n --> OT1/txss/m/n on input line 40.
LaTeX Font Info:    Overwriting math alphabet `\mathsf' in version `bold'
(Font)                  OT1/txss/m/n --> OT1/txss/b/n on input line 41.
LaTeX Font Info:    Redeclaring math alphabet \mathtt on input line 50.
LaTeX Font Info:    Overwriting math alphabet `\mathtt' in version `normal'
(Font)                  OT1/cmtt/m/n --> OT1/txtt/m/n on input line 50.
LaTeX Font Info:    Overwriting math alphabet `\mathtt' in version `bold'
(Font)                  OT1/cmtt/m/n --> OT1/txtt/m/n on input line 50.
LaTeX Font Info:    Overwriting math alphabet `\mathtt' in version `bold'
(Font)                  OT1/txtt/m/n --> OT1/txtt/b/n on input line 51.
LaTeX Font Info:    Redeclaring symbol font `letters' on input line 58.
LaTeX Font Info:    Overwriting symbol font `letters' in version `normal'
(Font)                  OML/cmm/m/it --> OML/txmi/m/it on input line 58.
LaTeX Font Info:    Overwriting symbol font `letters' in version `bold'
(Font)                  OML/cmm/b/it --> OML/txmi/m/it on input line 58.
LaTeX Font Info:    Overwriting symbol font `letters' in version `bold'
(Font)                  OML/txmi/m/it --> OML/txmi/bx/it on input line 59.
\symlettersA=\mathgroup7
LaTeX Font Info:    Overwriting symbol font `lettersA' in version `bold'
(Font)                  U/txmia/m/it --> U/txmia/bx/it on input line 67.
LaTeX Font Info:    Redeclaring math alphabet \mathfrak on input line 70.
LaTeX Font Info:    Redeclaring symbol font `symbols' on input line 77.
LaTeX Font Info:    Overwriting symbol font `symbols' in version `normal'
(Font)                  OMS/cmsy/m/n --> OMS/txsy/m/n on input line 77.
LaTeX Font Info:    Overwriting symbol font `symbols' in version `bold'
(Font)                  OMS/cmsy/b/n --> OMS/txsy/m/n on input line 77.
LaTeX Font Info:    Overwriting symbol font `symbols' in version `bold'
(Font)                  OMS/txsy/m/n --> OMS/txsy/bx/n on input line 78.
LaTeX Font Info:    Redeclaring symbol font `AMSa' on input line 93.
LaTeX Font Info:    Overwriting symbol font `AMSa' in version `normal'
(Font)                  U/msa/m/n --> U/txsya/m/n on input line 93.
LaTeX Font Info:    Overwriting symbol font `AMSa' in version `bold'
(Font)                  U/msa/m/n --> U/txsya/m/n on input line 93.
LaTeX Font Info:    Overwriting symbol font `AMSa' in version `bold'
(Font)                  U/txsya/m/n --> U/txsya/bx/n on input line 94.
LaTeX Font Info:    Redeclaring symbol font `AMSb' on input line 102.
LaTeX Font Info:    Overwriting symbol font `AMSb' in version `normal'
(Font)                  U/msb/m/n --> U/txsyb/m/n on input line 102.
LaTeX Font Info:    Overwriting symbol font `AMSb' in version `bold'
(Font)                  U/msb/m/n --> U/txsyb/m/n on input line 102.
LaTeX Font Info:    Overwriting symbol font `AMSb' in version `bold'
(Font)                  U/txsyb/m/n --> U/txsyb/bx/n on input line 103.
\symsymbolsC=\mathgroup8
LaTeX Font Info:    Overwriting symbol font `symbolsC' in version `bold'
(Font)                  U/txsyc/m/n --> U/txsyc/bx/n on input line 113.
LaTeX Font Info:    Redeclaring symbol font `largesymbols' on input line 120.
LaTeX Font Info:    Overwriting symbol font `largesymbols' in version `normal'
(Font)                  OMX/cmex/m/n --> OMX/txex/m/n on input line 120.
LaTeX Font Info:    Overwriting symbol font `largesymbols' in version `bold'
(Font)                  OMX/cmex/m/n --> OMX/txex/m/n on input line 120.
LaTeX Font Info:    Overwriting symbol font `largesymbols' in version `bold'
(Font)                  OMX/txex/m/n --> OMX/txex/bx/n on input line 121.
\symlargesymbolsA=\mathgroup9
LaTeX Font Info:    Overwriting symbol font `largesymbolsA' in version `bold'
(Font)                  U/txexa/m/n --> U/txexa/bx/n on input line 129.
LaTeX Info: Redefining \not on input line 1043.
)
\c@definition=\count105
 (titlepage.tex ("Thesis main.aux")
\openout1 = `"Thesis main.aux"'.

LaTeX Font Info:    Checking defaults for OML/txmi/m/it on input line 4.
LaTeX Font Info:    Try loading font information for OML+txmi on input line 4.

("C:\Program Files\MiKTeX 2.9\tex\latex\txfonts\omltxmi.fd"
File: omltxmi.fd 2000/12/15 v3.1
)
LaTeX Font Info:    ... okay on input line 4.
LaTeX Font Info:    Checking defaults for T1/cmr/m/n on input line 4.
LaTeX Font Info:    ... okay on input line 4.
LaTeX Font Info:    Checking defaults for OT1/cmr/m/n on input line 4.
LaTeX Font Info:    ... okay on input line 4.
LaTeX Font Info:    Checking defaults for OMS/txsy/m/n on input line 4.
LaTeX Font Info:    Try loading font information for OMS+txsy on input line 4.

("C:\Program Files\MiKTeX 2.9\tex\latex\txfonts\omstxsy.fd"
File: omstxsy.fd 2000/12/15 v3.1
)
LaTeX Font Info:    ... okay on input line 4.
LaTeX Font Info:    Checking defaults for OMX/txex/m/n on input line 4.
LaTeX Font Info:    Try loading font information for OMX+txex on input line 4.

("C:\Program Files\MiKTeX 2.9\tex\latex\txfonts\omxtxex.fd"
File: omxtxex.fd 2000/12/15 v3.1
)
LaTeX Font Info:    ... okay on input line 4.
LaTeX Font Info:    Checking defaults for U/txexa/m/n on input line 4.
LaTeX Font Info:    Try loading font information for U+txexa on input line 4.
 (utxexa.fd
File: utxexa.fd 2000/12/15 v3.1
)
LaTeX Font Info:    ... okay on input line 4.
LaTeX Font Info:    Try loading font information for T1+txr on input line 4.

("C:\Program Files\MiKTeX 2.9\tex\latex\txfonts\t1txr.fd"
File: t1txr.fd 2000/12/15 v3.1
)
*geometry* driver: auto-detecting
*geometry* detected driver: pdftex
*geometry* verbose mode - [ preamble ] result:
* driver: pdftex
* paper: a4paper
* layout: <same size as paper>
* layoutoffset:(h,v)=(0.0pt,0.0pt)
* modes: 
* h-part:(L,W,R)=(91.04881pt, 415.41025pt, 91.04881pt)
* v-part:(T,H,B)=(71.13188pt, 702.78308pt, 71.13188pt)
* \paperwidth=597.50787pt
* \paperheight=845.04684pt
* \textwidth=415.41025pt
* \textheight=702.78308pt
* \oddsidemargin=18.77882pt
* \evensidemargin=18.77882pt
* \topmargin=-33.0119pt
* \headheight=12.0pt
* \headsep=19.8738pt
* \topskip=12.0pt
* \footskip=30.0pt
* \marginparwidth=47.0pt
* \marginparsep=7.0pt
* \columnsep=10.0pt
* \skip\footins=10.8pt plus 4.0pt minus 2.0pt
* \hoffset=0.0pt
* \voffset=0.0pt
* \mag=1000
* \@twocolumnfalse
* \@twosidefalse
* \@mparswitchfalse
* \@reversemarginfalse
* (1in=72.27pt=25.4mm, 1cm=28.453pt)

("C:\Program Files\MiKTeX 2.9\tex\context\base\supp-pdf.mkii"
[Loading MPS to PDF converter (version 2006.09.02).]
\scratchcounter=\count106
\scratchdimen=\dimen124
\scratchbox=\box28
\nofMPsegments=\count107
\nofMParguments=\count108
\everyMPshowfont=\toks22
\MPscratchCnt=\count109
\MPscratchDim=\dimen125
\MPnumerator=\count110
\makeMPintoPDFobject=\count111
\everyMPtoPDFconversion=\toks23
) ("C:\Program Files\MiKTeX 2.9\tex\generic\oberdiek\pdftexcmds.sty"
Package: pdftexcmds 2017/03/19 v0.25 Utility functions of pdfTeX for LuaTeX (HO
)

("C:\Program Files\MiKTeX 2.9\tex\generic\oberdiek\ifluatex.sty"
Package: ifluatex 2016/05/16 v1.4 Provides the ifluatex switch (HO)
Package ifluatex Info: LuaTeX not detected.
)
Package pdftexcmds Info: LuaTeX not detected.
Package pdftexcmds Info: \pdf@primitive is available.
Package pdftexcmds Info: \pdf@ifprimitive is available.
Package pdftexcmds Info: \pdfdraftmode found.
)
("C:\Program Files\MiKTeX 2.9\tex\latex\oberdiek\epstopdf-base.sty"
Package: epstopdf-base 2016/05/15 v2.6 Base part for package epstopdf

("C:\Program Files\MiKTeX 2.9\tex\latex\oberdiek\grfext.sty"
Package: grfext 2016/05/16 v1.2 Manage graphics extensions (HO)

("C:\Program Files\MiKTeX 2.9\tex\generic\oberdiek\kvdefinekeys.sty"
Package: kvdefinekeys 2016/05/16 v1.4 Define keys (HO)
))
("C:\Program Files\MiKTeX 2.9\tex\latex\oberdiek\kvoptions.sty"
Package: kvoptions 2016/05/16 v3.12 Key value format for package options (HO)

("C:\Program Files\MiKTeX 2.9\tex\generic\oberdiek\kvsetkeys.sty"
Package: kvsetkeys 2016/05/16 v1.17 Key value parser (HO)

("C:\Program Files\MiKTeX 2.9\tex\generic\oberdiek\etexcmds.sty"
Package: etexcmds 2016/05/16 v1.6 Avoid name clashes with e-TeX commands (HO)
Package etexcmds Info: Could not find \expanded.
(etexcmds)             That can mean that you are not using pdfTeX 1.50 or
(etexcmds)             that some package has redefined \expanded.
(etexcmds)             In the latter case, load this package earlier.
)))
Package epstopdf-base Info: Redefining graphics rule for `.eps' on input line 4
38.
Package grfext Info: Graphics extension search list:
(grfext)             [.png,.pdf,.jpg,.mps,.jpeg,.jbig2,.jb2,.PNG,.PDF,.JPG,.JPE
G,.JBIG2,.JB2,.eps]
(grfext)             \AppendGraphicsExtensions on input line 456.
)
Package epstopdf Info: Source file: <iiitm.eps>
(epstopdf)                    date: 2011-08-19 05:16:24
(epstopdf)                    size: 1698160 bytes
(epstopdf)             Output file: <iiitm-eps-converted-to.pdf>
(epstopdf)                    date: 2017-09-18 20:57:09
(epstopdf)                    size: 20493 bytes
(epstopdf)             Command: <epstopdf --outfile=iiitm-eps-converted-to.pdf 
iiitm.eps>
(epstopdf)             \includegraphics on input line 29.
Package epstopdf Info: Output file is already uptodate.

<iiitm-eps-converted-to.pdf, id=1, 336.25626pt x 468.75125pt>
File: iiitm-eps-converted-to.pdf Graphic file (type pdf)

<use iiitm-eps-converted-to.pdf>
Package pdftex.def Info: iiitm-eps-converted-to.pdf used on input line 29.
(pdftex.def)             Requested size: 86.72377pt x 120.89255pt.
 [1


{C:/ProgramData/MiKTeX/2.9/pdftex/config/pdftex.map} <./iiitm-eps-converted-to.
pdf>]) (declaration.tex
Underfull \hbox (badness 10000) in paragraph at lines 5--16

 []

) (abs.tex [1]
LaTeX Font Info:    Try loading font information for OT1+txr on input line 11.
 ("C:\Program Files\MiKTeX 2.9\tex\latex\txfonts\ot1txr.fd"
File: ot1txr.fd 2000/12/15 v3.1
)
LaTeX Font Info:    Try loading font information for U+txsya on input line 11.

("C:\Program Files\MiKTeX 2.9\tex\latex\txfonts\utxsya.fd"
File: utxsya.fd 2000/12/15 v3.1
)
LaTeX Font Info:    Try loading font information for U+txsyb on input line 11.

("C:\Program Files\MiKTeX 2.9\tex\latex\txfonts\utxsyb.fd"
File: utxsyb.fd 2000/12/15 v3.1
)
LaTeX Font Info:    Try loading font information for U+txmia on input line 11.

("C:\Program Files\MiKTeX 2.9\tex\latex\txfonts\utxmia.fd"
File: utxmia.fd 2000/12/15 v3.1
)
LaTeX Font Info:    Try loading font information for U+txsyc on input line 11.

("C:\Program Files\MiKTeX 2.9\tex\latex\txfonts\utxsyc.fd"
File: utxsyc.fd 2000/12/15 v3.1
)
Underfull \hbox (badness 10000) in paragraph at lines 7--29

 []

) (ack.tex [2])
Underfull \hbox (badness 10000) in paragraph at lines 6--40

 []


Underfull \hbox (badness 10000) in paragraph at lines 6--40

 []


Underfull \hbox (badness 10000) in paragraph at lines 6--40

 []

[3] ("Thesis main.toc" [4

])
\tf@toc=\write3
\openout3 = `"Thesis main.toc"'.

 [5] ("Thesis main.lot"
Overfull \hbox (3.49783pt too wide) in paragraph at lines 6--6
 [][] []\T1/txr/m/n/12 Distributed sen-si-tiv-ity in-dices for (non-dimensional
) pa-ram-e-ters set con- 
 []


Overfull \hbox (3.49783pt too wide) in paragraph at lines 7--7
 [][] []\T1/txr/m/n/12 Distributed sen-si-tiv-ity in-dices for (non-dimensional
) pa-ram-e-ters set con- 
 []

)
\tf@lot=\write4
\openout4 = `"Thesis main.lot"'.

 [6

] ("Thesis main.lof")
\tf@lof=\write5
\openout5 = `"Thesis main.lof"'.

 (ch1.tex [1

]
CHAPTER 1.
[2

]
Overfull \hbox (7.69646pt too wide) in paragraph at lines 22--24
[]\T1/txr/bx/n/12 Ransom-ware: \T1/txr/m/n/12 Ransom-ware is a type of ma-li-ci
ous soft-ware from crypto-virology
 []

[3] [4

] [5

]) (ch2.tex [6]
CHAPTER 2.
[7

] [8]
Package epstopdf Info: Source file: <13-DR1.eps>
(epstopdf)                    date: 2017-09-18 22:39:40
(epstopdf)                    size: 2055903 bytes
(epstopdf)             Output file: <13-DR1-eps-converted-to.pdf>
(epstopdf)                    date: 2017-09-18 22:40:20
(epstopdf)                    size: 22361 bytes
(epstopdf)             Command: <epstopdf --outfile=13-DR1-eps-converted-to.pdf
 13-DR1.eps>
(epstopdf)             \includegraphics on input line 47.
Package epstopdf Info: Output file is already uptodate.
 <13-DR1-eps-converted-to.pdf, id=60, 489.83pt x 390.45876pt>
File: 13-DR1-eps-converted-to.pdf Graphic file (type pdf)

<use 13-DR1-eps-converted-to.pdf>
Package pdftex.def Info: 13-DR1-eps-converted-to.pdf used on input line 47.
(pdftex.def)             Requested size: 411.93877pt x 328.37633pt.

Overfull \hbox (6.92831pt too wide) in paragraph at lines 72--105
[][] 
 []

[9

 <./13-DR1-eps-converted-to.pdf>] [10]
Overfull \hbox (43.3858pt too wide) in paragraph at lines 110--111
\T1/txr/m/n/12 Due to com-pli-cated na-ture of the equa-tions (2.4)-(2.10), the
se equa-tions are non-dimensionalized
 []

[11

] [12

]) (ch3.tex [13]
CHAPTER 3.
[14

] [15

] [16] [17

]
Underfull \hbox (badness 10000) in paragraph at lines 152--152
[]\T1/txr/bx/n/12 Parameters (Non-
 []


Underfull \hbox (badness 7558) in paragraph at lines 152--152
[]\T1/txr/bx/n/12 Parameters (With
 []

Package epstopdf Info: Source file: <13-DR2.eps>
(epstopdf)                    date: 2017-08-30 10:49:19
(epstopdf)                    size: 1435146 bytes
(epstopdf)             Output file: <13-DR2-eps-converted-to.pdf>
(epstopdf)                    date: 2017-09-18 20:57:15
(epstopdf)                    size: 8810 bytes
(epstopdf)             Command: <epstopdf --outfile=13-DR2-eps-converted-to.pdf
 13-DR2.eps>
(epstopdf)             \includegraphics on input line 183.
Package epstopdf Info: Output file is already uptodate.
<13-DR2-eps-converted-to.pdf, id=93, 421.575pt x 316.18124pt>
File: 13-DR2-eps-converted-to.pdf Graphic file (type pdf)

<use 13-DR2-eps-converted-to.pdf>
Package pdftex.def Info: 13-DR2-eps-converted-to.pdf used on input line 183.
(pdftex.def)             Requested size: 426.79732pt x 284.546pt.
Package epstopdf Info: Source file: <13-DR3.eps>
(epstopdf)                    date: 2017-08-30 10:50:55
(epstopdf)                    size: 1435146 bytes
(epstopdf)             Output file: <13-DR3-eps-converted-to.pdf>
(epstopdf)                    date: 2017-09-18 20:57:18
(epstopdf)                    size: 8934 bytes
(epstopdf)             Command: <epstopdf --outfile=13-DR3-eps-converted-to.pdf
 13-DR3.eps>
(epstopdf)             \includegraphics on input line 188.
Package epstopdf Info: Output file is already uptodate.

<13-DR3-eps-converted-to.pdf, id=94, 421.575pt x 316.18124pt>
File: 13-DR3-eps-converted-to.pdf Graphic file (type pdf)

<use 13-DR3-eps-converted-to.pdf>
Package pdftex.def Info: 13-DR3-eps-converted-to.pdf used on input line 188.
(pdftex.def)             Requested size: 426.79732pt x 284.546pt.
Package epstopdf Info: Source file: <13-DR4.eps>
(epstopdf)                    date: 2017-08-30 10:51:26
(epstopdf)                    size: 1435146 bytes
(epstopdf)             Output file: <13-DR4-eps-converted-to.pdf>
(epstopdf)                    date: 2017-09-18 20:57:21
(epstopdf)                    size: 9031 bytes
(epstopdf)             Command: <epstopdf --outfile=13-DR4-eps-converted-to.pdf
 13-DR4.eps>
(epstopdf)             \includegraphics on input line 193.
Package epstopdf Info: Output file is already uptodate.

<13-DR4-eps-converted-to.pdf, id=95, 421.575pt x 316.18124pt>
File: 13-DR4-eps-converted-to.pdf Graphic file (type pdf)

<use 13-DR4-eps-converted-to.pdf>
Package pdftex.def Info: 13-DR4-eps-converted-to.pdf used on input line 193.
(pdftex.def)             Requested size: 426.79732pt x 284.546pt.
Package epstopdf Info: Source file: <13-DR8.eps>
(epstopdf)                    date: 2017-08-30 10:53:58
(epstopdf)                    size: 1435146 bytes
(epstopdf)             Output file: <13-DR8-eps-converted-to.pdf>
(epstopdf)                    date: 2017-09-18 20:57:24
(epstopdf)                    size: 9499 bytes
(epstopdf)             Command: <epstopdf --outfile=13-DR8-eps-converted-to.pdf
 13-DR8.eps>
(epstopdf)             \includegraphics on input line 198.
Package epstopdf Info: Output file is already uptodate.

<13-DR8-eps-converted-to.pdf, id=96, 421.575pt x 316.18124pt>
File: 13-DR8-eps-converted-to.pdf Graphic file (type pdf)

<use 13-DR8-eps-converted-to.pdf>
Package pdftex.def Info: 13-DR8-eps-converted-to.pdf used on input line 198.
(pdftex.def)             Requested size: 426.79732pt x 284.546pt.
Package epstopdf Info: Source file: <13-DR6.eps>
(epstopdf)                    date: 2017-08-30 10:52:52
(epstopdf)                    size: 1435146 bytes
(epstopdf)             Output file: <13-DR6-eps-converted-to.pdf>
(epstopdf)                    date: 2017-09-18 20:57:26
(epstopdf)                    size: 8793 bytes
(epstopdf)             Command: <epstopdf --outfile=13-DR6-eps-converted-to.pdf
 13-DR6.eps>
(epstopdf)             \includegraphics on input line 203.
Package epstopdf Info: Output file is already uptodate.

<13-DR6-eps-converted-to.pdf, id=97, 421.575pt x 316.18124pt>
File: 13-DR6-eps-converted-to.pdf Graphic file (type pdf)

<use 13-DR6-eps-converted-to.pdf>
Package pdftex.def Info: 13-DR6-eps-converted-to.pdf used on input line 203.
(pdftex.def)             Requested size: 426.79732pt x 284.546pt.
Package epstopdf Info: Source file: <13-DR5.eps>
(epstopdf)                    date: 2017-08-30 10:52:15
(epstopdf)                    size: 1435146 bytes
(epstopdf)             Output file: <13-DR5-eps-converted-to.pdf>
(epstopdf)                    date: 2017-09-18 20:57:30
(epstopdf)                    size: 8623 bytes
(epstopdf)             Command: <epstopdf --outfile=13-DR5-eps-converted-to.pdf
 13-DR5.eps>
(epstopdf)             \includegraphics on input line 208.
Package epstopdf Info: Output file is already uptodate.

<13-DR5-eps-converted-to.pdf, id=98, 421.575pt x 316.18124pt>
File: 13-DR5-eps-converted-to.pdf Graphic file (type pdf)

<use 13-DR5-eps-converted-to.pdf>
Package pdftex.def Info: 13-DR5-eps-converted-to.pdf used on input line 208.
(pdftex.def)             Requested size: 426.79732pt x 284.546pt.
 [18] [19 <./13-DR2-eps-converted-to.pdf> <./13-DR3-eps-converted-to.pdf>] [20 
<./13-DR4-eps-converted-to.pdf> <./13-DR8-eps-converted-to.pdf>] [21 <./13-DR6-
eps-converted-to.pdf> <./13-DR5-eps-converted-to.pdf>]
Package epstopdf Info: Source file: <13-DR10.eps>
(epstopdf)                    date: 2017-08-30 10:54:58
(epstopdf)                    size: 1435147 bytes
(epstopdf)             Output file: <13-DR10-eps-converted-to.pdf>
(epstopdf)                    date: 2017-09-18 20:57:32
(epstopdf)                    size: 8814 bytes
(epstopdf)             Command: <epstopdf --outfile=13-DR10-eps-converted-to.pd
f 13-DR10.eps>
(epstopdf)             \includegraphics on input line 236.
Package epstopdf Info: Output file is already uptodate.
 <13-DR10-eps-converted-to.pdf, id=130, 421.575pt x 316.18124pt>
File: 13-DR10-eps-converted-to.pdf Graphic file (type pdf)

<use 13-DR10-eps-converted-to.pdf>
Package pdftex.def Info: 13-DR10-eps-converted-to.pdf used on input line 236.
(pdftex.def)             Requested size: 426.79732pt x 284.546pt.
Package epstopdf Info: Source file: <13-DR15.eps>
(epstopdf)                    date: 2017-08-30 10:56:50
(epstopdf)                    size: 1435147 bytes
(epstopdf)             Output file: <13-DR15-eps-converted-to.pdf>
(epstopdf)                    date: 2017-09-18 20:57:35
(epstopdf)                    size: 8960 bytes
(epstopdf)             Command: <epstopdf --outfile=13-DR15-eps-converted-to.pd
f 13-DR15.eps>
(epstopdf)             \includegraphics on input line 241.
Package epstopdf Info: Output file is already uptodate.

<13-DR15-eps-converted-to.pdf, id=131, 421.575pt x 316.18124pt>
File: 13-DR15-eps-converted-to.pdf Graphic file (type pdf)

<use 13-DR15-eps-converted-to.pdf>
Package pdftex.def Info: 13-DR15-eps-converted-to.pdf used on input line 241.
(pdftex.def)             Requested size: 426.79732pt x 284.546pt.
Package epstopdf Info: Source file: <13-DR16.eps>
(epstopdf)                    date: 2017-08-30 10:57:09
(epstopdf)                    size: 1435147 bytes
(epstopdf)             Output file: <13-DR16-eps-converted-to.pdf>
(epstopdf)                    date: 2017-09-18 20:57:38
(epstopdf)                    size: 8782 bytes
(epstopdf)             Command: <epstopdf --outfile=13-DR16-eps-converted-to.pd
f 13-DR16.eps>
(epstopdf)             \includegraphics on input line 246.
Package epstopdf Info: Output file is already uptodate.

<13-DR16-eps-converted-to.pdf, id=132, 421.575pt x 316.18124pt>
File: 13-DR16-eps-converted-to.pdf Graphic file (type pdf)

<use 13-DR16-eps-converted-to.pdf>
Package pdftex.def Info: 13-DR16-eps-converted-to.pdf used on input line 246.
(pdftex.def)             Requested size: 426.79732pt x 284.546pt.
Package epstopdf Info: Source file: <13-DR7.eps>
(epstopdf)                    date: 2017-08-30 10:53:33
(epstopdf)                    size: 1435146 bytes
(epstopdf)             Output file: <13-DR7-eps-converted-to.pdf>
(epstopdf)                    date: 2017-09-18 20:57:42
(epstopdf)                    size: 9509 bytes
(epstopdf)             Command: <epstopdf --outfile=13-DR7-eps-converted-to.pdf
 13-DR7.eps>
(epstopdf)             \includegraphics on input line 251.
Package epstopdf Info: Output file is already uptodate.

<13-DR7-eps-converted-to.pdf, id=133, 421.575pt x 316.18124pt>
File: 13-DR7-eps-converted-to.pdf Graphic file (type pdf)

<use 13-DR7-eps-converted-to.pdf>
Package pdftex.def Info: 13-DR7-eps-converted-to.pdf used on input line 251.
(pdftex.def)             Requested size: 426.79732pt x 284.546pt.
 [22] [23 <./13-DR10-eps-converted-to.pdf> <./13-DR15-eps-converted-to.pdf>] [2
4 <./13-DR16-eps-converted-to.pdf> <./13-DR7-eps-converted-to.pdf>] [25

] [26

]
Package epstopdf Info: Source file: <13-DR13.eps>
(epstopdf)                    date: 2017-08-30 10:56:09
(epstopdf)                    size: 1435147 bytes
(epstopdf)             Output file: <13-DR13-eps-converted-to.pdf>
(epstopdf)                    date: 2017-09-18 20:57:45
(epstopdf)                    size: 9088 bytes
(epstopdf)             Command: <epstopdf --outfile=13-DR13-eps-converted-to.pd
f 13-DR13.eps>
(epstopdf)             \includegraphics on input line 313.
Package epstopdf Info: Output file is already uptodate.

<13-DR13-eps-converted-to.pdf, id=163, 421.575pt x 316.18124pt>
File: 13-DR13-eps-converted-to.pdf Graphic file (type pdf)

<use 13-DR13-eps-converted-to.pdf>
Package pdftex.def Info: 13-DR13-eps-converted-to.pdf used on input line 313.
(pdftex.def)             Requested size: 426.79732pt x 284.546pt.
Package epstopdf Info: Source file: <13-DR11.eps>
(epstopdf)                    date: 2017-08-30 10:55:35
(epstopdf)                    size: 1435147 bytes
(epstopdf)             Output file: <13-DR11-eps-converted-to.pdf>
(epstopdf)                    date: 2017-09-18 20:57:48
(epstopdf)                    size: 8779 bytes
(epstopdf)             Command: <epstopdf --outfile=13-DR11-eps-converted-to.pd
f 13-DR11.eps>
(epstopdf)             \includegraphics on input line 318.
Package epstopdf Info: Output file is already uptodate.

<13-DR11-eps-converted-to.pdf, id=164, 421.575pt x 316.18124pt>
File: 13-DR11-eps-converted-to.pdf Graphic file (type pdf)

<use 13-DR11-eps-converted-to.pdf>
Package pdftex.def Info: 13-DR11-eps-converted-to.pdf used on input line 318.
(pdftex.def)             Requested size: 426.79732pt x 284.546pt.


LaTeX Warning: `h' float specifier changed to `ht'.

Package epstopdf Info: Source file: <13-DR14.eps>
(epstopdf)                    date: 2017-08-30 10:56:28
(epstopdf)                    size: 1435147 bytes
(epstopdf)             Output file: <13-DR14-eps-converted-to.pdf>
(epstopdf)                    date: 2017-09-18 20:57:51
(epstopdf)                    size: 10649 bytes
(epstopdf)             Command: <epstopdf --outfile=13-DR14-eps-converted-to.pd
f 13-DR14.eps>
(epstopdf)             \includegraphics on input line 323.
Package epstopdf Info: Output file is already uptodate.
<13-DR14-eps-converted-to.pdf, id=165, 421.575pt x 316.18124pt>
File: 13-DR14-eps-converted-to.pdf Graphic file (type pdf)

<use 13-DR14-eps-converted-to.pdf>
Package pdftex.def Info: 13-DR14-eps-converted-to.pdf used on input line 323.
(pdftex.def)             Requested size: 426.79732pt x 284.546pt.


LaTeX Warning: `h' float specifier changed to `ht'.

Package epstopdf Info: Source file: <13-DR12.eps>
(epstopdf)                    date: 2017-08-30 10:55:50
(epstopdf)                    size: 1435147 bytes
(epstopdf)             Output file: <13-DR12-eps-converted-to.pdf>
(epstopdf)                    date: 2017-09-18 20:57:54
(epstopdf)                    size: 10839 bytes
(epstopdf)             Command: <epstopdf --outfile=13-DR12-eps-converted-to.pd
f 13-DR12.eps>
(epstopdf)             \includegraphics on input line 328.
Package epstopdf Info: Output file is already uptodate.
<13-DR12-eps-converted-to.pdf, id=166, 421.575pt x 316.18124pt>
File: 13-DR12-eps-converted-to.pdf Graphic file (type pdf)

<use 13-DR12-eps-converted-to.pdf>
Package pdftex.def Info: 13-DR12-eps-converted-to.pdf used on input line 328.
(pdftex.def)             Requested size: 426.79732pt x 284.546pt.


LaTeX Warning: `h' float specifier changed to `ht'.

[27

 <./13-DR13-eps-converted-to.pdf>] [28 <./13-DR11-eps-converted-to.pdf> <./13-D
R14-eps-converted-to.pdf>] [29 <./13-DR12-eps-converted-to.pdf>]
Overfull \hbox (3.01459pt too wide) in paragraph at lines 344--345
[]\T1/txr/m/n/12 The pre-dic-tion and mea-sure-ment of more sen-si-tive pa-ram-
e-ter has to be done thought-
 []

[30

]
Overfull \hbox (2.47556pt too wide) in paragraph at lines 351--373
[][] 
 []

[31

]
Overfull \hbox (2.47556pt too wide) in paragraph at lines 384--406
[][] 
 []

[32

]
Overfull \hbox (2.47556pt too wide) in paragraph at lines 415--437
[][] 
 []

) (ch4.tex [33

]
CHAPTER 4.
[34

]
Overfull \hbox (18.90259pt too wide) in paragraph at lines 48--49
[]\T1/txr/m/n/12 Table 4.2 shows the com-par-i-son be-tween the pro-posed model
 and the ear-lier model(Jain,
 []


Underfull \hbox (badness 10000) in paragraph at lines 54--54
[]\T1/txr/bx/n/12 Bhargava,
 []


Underfull \hbox (badness 10000) in paragraph at lines 54--54
\T1/txr/bx/n/12 Palash, Soni,
 []


Underfull \hbox (badness 10000) in paragraph at lines 54--55
[]\T1/txr/bx/n/12 Proposed
 []

) ("Thesis main.bbl" [35] [36

]) [37] ("Thesis main.aux") ) 
Here is how much of TeX's memory you used:
 4078 strings out of 493323
 52591 string characters out of 3139037
 126960 words of memory out of 3000000
 7448 multiletter control sequences out of 15000+200000
 51310 words of font info for 83 fonts, out of 3000000 for 9000
 1141 hyphenation exceptions out of 8191
 41i,14n,28p,1121b,301s stack positions out of 5000i,500n,10000p,200000b,50000s
{C:/Program Files/MiKTeX 2.9/fonts/enc/dvips/base/
8r.enc}<C:/Program Files/MiKTeX 2.9/fonts/type1/public/txfonts/rtxb.pfb><C:/Pro
gram Files/MiKTeX 2.9/fonts/type1/public/txfonts/rtxi.pfb><C:/Program Files/MiK
TeX 2.9/fonts/type1/public/txfonts/rtxmi.pfb><C:/Program Files/MiKTeX 2.9/fonts
/type1/public/txfonts/rtxr.pfb><C:/Program Files/MiKTeX 2.9/fonts/type1/public/
txfonts/txex.pfb><C:/Program Files/MiKTeX 2.9/fonts/type1/public/txfonts/txsy.p
fb><C:/Program Files/MiKTeX 2.9/fonts/type1/urw/times/utmb8a.pfb><C:/Program Fi
les/MiKTeX 2.9/fonts/type1/urw/times/utmr8a.pfb><C:/Program Files/MiKTeX 2.9/fo
nts/type1/urw/times/utmr8a.pfb><C:/Program Files/MiKTeX 2.9/fonts/type1/urw/tim
es/utmri8a.pfb>
Output written on "Thesis main.pdf" (44 pages, 313469 bytes).
PDF statistics:
 250 PDF objects out of 1000 (max. 8388607)
 0 named destinations out of 1000 (max. 500000)
 81 words of extra memory for PDF output out of 10000 (max. 10000000)

